2017-12-17 19:27:49.014 {"eid":"BE_LOG","ets":1513519068936,"mid":"Sunbird.1513519068936.111a076a-21f2-47a0-8fd5-81e370779023","ver":"1.0","context":{"pdata":{"ver":"1.0","id":"Sunbird"}},"edata":{"eks":{"level":"DEBUG","message":"weighted value is not provided  by user."}}}
2017-12-17 19:27:49.349 {"eid":"BE_LOG","ets":1513519069349,"mid":"Sunbird.1513519069349.895919ba-670c-45ca-8420-86595d08ac1f","ver":"1.0","context":{"pdata":{"ver":"1.0","id":"Sunbird"}},"edata":{"eks":{"level":"DEBUG","message":"Cassandra ShutDownHook registered."}}}
2017-12-17 19:28:08.473 {"eid":"BE_LOG","ets":1513519088472,"mid":"Sunbird.1513519088472.360d7e2d-0cd3-48d5-84ed-282505ca577a","ver":"1.0","context":{"pdata":{"ver":"1.0","id":"Sunbird"}},"edata":{"eks":{"level":"DEBUG","message":"Salt value is not provided by Env"}}}
2017-12-17 19:30:03.133 {"eid":"BE_LOG","ets":1513519203071,"mid":"Sunbird.1513519203071.22f494b7-fac0-465a-b4b0-9d60d08eee6e","ver":"1.0","context":{"pdata":{"ver":"1.0","id":"Sunbird"}},"edata":{"eks":{"level":"DEBUG","message":"weighted value is not provided  by user."}}}
2017-12-17 19:30:03.151 {"eid":"BE_LOG","ets":1513519203151,"mid":"Sunbird.1513519203151.34b1c0bc-6795-46be-9da9-7ad36a16ccfe","ver":"1.0","context":{"pdata":{"ver":"1.0","id":"Sunbird"}},"edata":{"eks":{"level":"DEBUG","message":"Cassandra ShutDownHook registered."}}}
2017-12-17 19:30:09.387 {"eid":"BE_LOG","ets":1513519209387,"mid":"Sunbird.1513519209387.161766cc-8e43-4c82-98db-3223f51e58b2","ver":"1.0","context":{"pdata":{"ver":"1.0","id":"Sunbird"}},"edata":{"eks":{"level":"DEBUG","message":"Salt value is not provided by Env"}}}
2017-12-17 21:33:51.524 {"eid":"BE_LOG","ets":1513526631443,"mid":"Sunbird.1513526631443.58a50cbe-ad35-4055-9137-e2d498f074f3","ver":"1.0","context":{"pdata":{"ver":"1.0","id":"Sunbird"}},"edata":{"eks":{"level":"DEBUG","message":"weighted value is not provided  by user."}}}
2017-12-17 21:33:51.640 {"eid":"BE_LOG","ets":1513526631640,"mid":"Sunbird.1513526631640.8bb4a5fe-9e68-4c66-890b-4f31261a949a","ver":"1.0","context":{"pdata":{"ver":"1.0","id":"Sunbird"}},"edata":{"eks":{"level":"DEBUG","message":"Cassandra ShutDownHook registered."}}}
2017-12-17 21:34:06.881 {"eid":"BE_LOG","ets":1513526646881,"mid":"Sunbird.1513526646881.3c0bd2d5-900c-4d37-a54b-f554cc3dcbcf","ver":"1.0","context":{"pdata":{"ver":"1.0","id":"Sunbird"}},"edata":{"eks":{"level":"DEBUG","message":"Salt value is not provided by Env"}}}
2017-12-17 21:56:59.805 {"eid":"BE_LOG","ets":1513528019751,"mid":"Sunbird.1513528019751.6944fd76-3f80-4b99-9cea-369d1bae561d","ver":"1.0","context":{"pdata":{"ver":"1.0","id":"Sunbird"}},"edata":{"eks":{"level":"DEBUG","message":"weighted value is not provided  by user."}}}
2017-12-17 21:56:59.836 {"eid":"BE_LOG","ets":1513528019836,"mid":"Sunbird.1513528019836.61fc9c00-6709-40a6-b2a5-30e618ca0ec2","ver":"1.0","context":{"pdata":{"ver":"1.0","id":"Sunbird"}},"edata":{"eks":{"level":"DEBUG","message":"Cassandra ShutDownHook registered."}}}
2017-12-17 21:57:13.649 {"eid":"BE_LOG","ets":1513528033649,"mid":"Sunbird.1513528033649.f6816042-18d4-4e32-8a9e-e72c577fb1c4","ver":"1.0","context":{"pdata":{"ver":"1.0","id":"Sunbird"}},"edata":{"eks":{"level":"DEBUG","message":"Salt value is not provided by Env"}}}
2017-12-17 21:57:14.568 {"eid":"BE_LOG","ets":1513528034568,"mid":"Sunbird.1513528034568.e8a8da11-1c71-44ec-8cc0-10bf5cb8d961","ver":"1.0","context":{"pdata":{"ver":"1.0","id":"Sunbird"}},"edata":{"eks":{"level":"DEBUG","message":"encrypted value is==: 5cd9e68370e817092fddac7a3df0659c26b5fad705530c13906122cb55826314"}}}
2017-12-17 21:57:14.568 {"eid":"BE_LOG","ets":1513528034568,"mid":"Sunbird.1513528034568.c5121259-ed96-4c80-8e4f-98b5016f8583","ver":"1.0","context":{"pdata":{"ver":"1.0","id":"Sunbird"}},"edata":{"eks":{"level":"DEBUG","message":"encrypted value is==: 5cd9e68370e817092fddac7a3df0659c26b5fad705530c13906122cb55826314"}}}
2017-12-17 21:57:14.672 {"eid":"BE_LOG","ets":1513528034672,"mid":"Sunbird.1513528034672.e5f69e45-f43e-4cd9-8509-4809df909251","ver":"1.0","context":{"pdata":{"ver":"1.0","id":"Sunbird"}},"edata":{"eks":{"level":"DEBUG","message":"encrypted value is==: fcea791ab1622379f874c8c138c0654aa2821ec1422edc3806388b868432f28b"}}}
2017-12-17 21:58:56.169 {"eid":"BE_LOG","ets":1513528136101,"mid":"Sunbird.1513528136101.f7885df1-82b4-49ea-86a5-49257c654aaf","ver":"1.0","context":{"pdata":{"ver":"1.0","id":"Sunbird"}},"edata":{"eks":{"level":"DEBUG","message":"weighted value is not provided  by user."}}}
2017-12-17 21:58:56.231 {"eid":"BE_LOG","ets":1513528136231,"mid":"Sunbird.1513528136231.0c4b545d-8898-46dc-b523-d5ad4c932a20","ver":"1.0","context":{"pdata":{"ver":"1.0","id":"Sunbird"}},"edata":{"eks":{"level":"DEBUG","message":"Cassandra ShutDownHook registered."}}}
2017-12-17 21:59:12.420 {"eid":"BE_LOG","ets":1513528152420,"mid":"Sunbird.1513528152420.59fbfc51-5c3b-4c03-9bd9-b453d05f7ddc","ver":"1.0","context":{"pdata":{"ver":"1.0","id":"Sunbird"}},"edata":{"eks":{"level":"DEBUG","message":"Salt value is not provided by Env"}}}
2017-12-17 21:59:12.880 {"eid":"BE_LOG","ets":1513528152877,"mid":"Sunbird.1513528152877.07bce8a0-318e-45a0-8276-e1a9b44ffa35","ver":"1.0","context":{"pdata":{"ver":"1.0","id":"Sunbird"}},"edata":{"eks":{"level":"DEBUG","message":"encrypted value is==: 5cd9e68370e817092fddac7a3df0659c26b5fad705530c13906122cb55826314"}}}
2017-12-17 21:59:12.881 {"eid":"BE_LOG","ets":1513528152881,"mid":"Sunbird.1513528152881.75b31261-c15d-4d21-80bf-3fff65249d63","ver":"1.0","context":{"pdata":{"ver":"1.0","id":"Sunbird"}},"edata":{"eks":{"level":"DEBUG","message":"encrypted value is==: 5cd9e68370e817092fddac7a3df0659c26b5fad705530c13906122cb55826314"}}}
2017-12-17 21:59:12.883 {"eid":"BE_LOG","ets":1513528152883,"mid":"Sunbird.1513528152883.1248f86a-4c98-4ec7-b25c-412f6a0d69b8","ver":"1.0","context":{"pdata":{"ver":"1.0","id":"Sunbird"}},"edata":{"eks":{"level":"DEBUG","message":"encrypted value is==: fcea791ab1622379f874c8c138c0654aa2821ec1422edc3806388b868432f28b"}}}
2017-12-17 22:00:05.482 {"eid":"BE_LOG","ets":1513528205420,"mid":"Sunbird.1513528205420.a5e7950b-287a-4bf1-ae31-bdd9eb5a2c14","ver":"1.0","context":{"pdata":{"ver":"1.0","id":"Sunbird"}},"edata":{"eks":{"level":"DEBUG","message":"weighted value is not provided  by user."}}}
2017-12-17 22:00:05.498 {"eid":"BE_LOG","ets":1513528205498,"mid":"Sunbird.1513528205498.37926420-87a6-4a02-ac7b-18072b528c7d","ver":"1.0","context":{"pdata":{"ver":"1.0","id":"Sunbird"}},"edata":{"eks":{"level":"DEBUG","message":"Cassandra ShutDownHook registered."}}}
2017-12-17 22:00:22.804 {"eid":"BE_LOG","ets":1513528222804,"mid":"Sunbird.1513528222804.db797b88-90ba-4714-9801-938f1a7df555","ver":"1.0","context":{"pdata":{"ver":"1.0","id":"Sunbird"}},"edata":{"eks":{"level":"DEBUG","message":"Salt value is not provided by Env"}}}
2017-12-17 22:00:23.472 {"eid":"BE_LOG","ets":1513528223472,"mid":"Sunbird.1513528223472.f7421ae8-91f7-4661-a1c7-7f53f2d24108","ver":"1.0","context":{"pdata":{"ver":"1.0","id":"Sunbird"}},"edata":{"eks":{"level":"DEBUG","message":"encrypted value is==: 5cd9e68370e817092fddac7a3df0659c26b5fad705530c13906122cb55826314"}}}
2017-12-17 22:00:23.472 {"eid":"BE_LOG","ets":1513528223472,"mid":"Sunbird.1513528223472.29a34ae4-898b-4bba-8686-12c22727f47c","ver":"1.0","context":{"pdata":{"ver":"1.0","id":"Sunbird"}},"edata":{"eks":{"level":"DEBUG","message":"encrypted value is==: 5cd9e68370e817092fddac7a3df0659c26b5fad705530c13906122cb55826314"}}}
2017-12-17 22:00:23.474 {"eid":"BE_LOG","ets":1513528223474,"mid":"Sunbird.1513528223474.23061ab7-0ce5-4147-92ee-04a64077ead4","ver":"1.0","context":{"pdata":{"ver":"1.0","id":"Sunbird"}},"edata":{"eks":{"level":"DEBUG","message":"encrypted value is==: fcea791ab1622379f874c8c138c0654aa2821ec1422edc3806388b868432f28b"}}}
2017-12-18 00:17:00.268 {"eid":"BE_LOG","ets":1513536420193,"mid":"Sunbird.1513536420193.cd439b65-238c-4310-9651-08167d7b75ee","ver":"1.0","context":{"pdata":{"ver":"1.0","id":"Sunbird"}},"edata":{"eks":{"level":"DEBUG","message":"weighted value is not provided  by user."}}}
2017-12-18 00:17:01.629 {"eid":"BE_LOG","ets":1513536421628,"mid":"Sunbird.1513536421628.d996c121-3589-4afd-a3a2-6dac691d2b6b","ver":"1.0","context":{"pdata":{"ver":"1.0","id":"Sunbird"}},"edata":{"eks":{"level":"DEBUG","message":"Cassandra ShutDownHook registered."}}}
2017-12-18 00:17:34.469 {"eid":"BE_LOG","ets":1513536454469,"mid":"Sunbird.1513536454469.621dedb6-b788-4b03-a9c3-95b2add56723","ver":"1.0","context":{"pdata":{"ver":"1.0","id":"Sunbird"}},"edata":{"eks":{"level":"DEBUG","message":"Salt value is not provided by Env"}}}
2017-12-18 00:17:37.263 {"eid":"BE_LOG","ets":1513536457263,"mid":"Sunbird.1513536457263.b888605e-8f59-4cda-ae6f-3051fe6f82ae","ver":"1.0","context":{"pdata":{"ver":"1.0","id":"Sunbird"}},"edata":{"eks":{"level":"DEBUG","message":"encrypted value is==: 5cd9e68370e817092fddac7a3df0659c26b5fad705530c13906122cb55826314"}}}
2017-12-18 00:17:37.264 {"eid":"BE_LOG","ets":1513536457264,"mid":"Sunbird.1513536457264.5da7b9d6-5d3f-4036-b7cf-5879d39ca9d8","ver":"1.0","context":{"pdata":{"ver":"1.0","id":"Sunbird"}},"edata":{"eks":{"level":"DEBUG","message":"encrypted value is==: 5cd9e68370e817092fddac7a3df0659c26b5fad705530c13906122cb55826314"}}}
2017-12-18 00:17:37.278 {"eid":"BE_LOG","ets":1513536457278,"mid":"Sunbird.1513536457278.3055b183-7280-4e57-ae3b-2569a6b92dbb","ver":"1.0","context":{"pdata":{"ver":"1.0","id":"Sunbird"}},"edata":{"eks":{"level":"DEBUG","message":"encrypted value is==: fcea791ab1622379f874c8c138c0654aa2821ec1422edc3806388b868432f28b"}}}
2017-12-18 00:17:37.279 {"eid":"BE_LOG","ets":1513536457278,"mid":"Sunbird.1513536457278.0e3d24ee-e5c8-43e3-b48a-aea2f0c1a79e","ver":"1.0","context":{"pdata":{"ver":"1.0","id":"Sunbird"}},"edata":{"eks":{"level":"DEBUG","message":"User created successfully....."}}}
